<?xml version="1.0" encoding="UTF-8"?>
<testng-results skipped="0" failed="0" ignored="0" total="1" passed="1">
  <reporter-output>
  </reporter-output>
  <suite name="Suite" duration-ms="19774" started-at="2020-05-02T13:54:49Z" finished-at="2020-05-02T13:55:09Z">
    <groups>
    </groups>
    <test name="Test" duration-ms="19774" started-at="2020-05-02T13:54:49Z" finished-at="2020-05-02T13:55:09Z">
      <class name="testCases.LoginPageTest">
        <test-method status="PASS" signature="testSetUp()[pri:0, instance:testCases.LoginPageTest@feb3fa]" name="testSetUp" is-config="true" duration-ms="11587" started-at="2020-05-02T13:54:49Z" finished-at="2020-05-02T13:55:01Z">
          <reporter-output>
          </reporter-output>
        </test-method> <!-- testSetUp -->
        <test-method status="PASS" signature="validateUserLogin()[pri:0, instance:testCases.LoginPageTest@feb3fa]" name="validateUserLogin" duration-ms="8100" started-at="2020-05-02T13:55:01Z" description="Verify login functionality" finished-at="2020-05-02T13:55:09Z">
          <reporter-output>
          </reporter-output>
        </test-method> <!-- validateUserLogin -->
        <test-method status="PASS" signature="tearDown()[pri:0, instance:testCases.LoginPageTest@feb3fa]" name="tearDown" is-config="true" duration-ms="0" started-at="2020-05-02T13:55:09Z" finished-at="2020-05-02T13:55:09Z">
          <reporter-output>
          </reporter-output>
        </test-method> <!-- tearDown -->
      </class> <!-- testCases.LoginPageTest -->
    </test> <!-- Test -->
  </suite> <!-- Suite -->
</testng-results>
