<?xml version="1.0" encoding="UTF-8"?>
<testng-results skipped="0" failed="0" total="1" passed="1">
  <reporter-output>
  </reporter-output>
  <suite name="Default suite" duration-ms="55261" started-at="2020-05-01T16:50:27Z" finished-at="2020-05-01T16:51:22Z">
    <groups>
    </groups>
    <test name="Default test" duration-ms="55261" started-at="2020-05-01T16:50:27Z" finished-at="2020-05-01T16:51:22Z">
      <class name="testCases.LoginPageTest">
        <test-method status="PASS" signature="testSetUp()[pri:0, instance:testCases.LoginPageTest@1dc03ce]" name="testSetUp" is-config="true" duration-ms="48348" started-at="2020-05-01T22:20:27Z" finished-at="2020-05-01T22:21:15Z">
          <reporter-output>
          </reporter-output>
        </test-method> <!-- testSetUp -->
        <test-method status="PASS" signature="validateUserLogin()[pri:0, instance:testCases.LoginPageTest@1dc03ce]" name="validateUserLogin" duration-ms="6887" started-at="2020-05-01T22:21:15Z" description="Verify login functionality" finished-at="2020-05-01T22:21:22Z">
          <reporter-output>
          </reporter-output>
        </test-method> <!-- validateUserLogin -->
        <test-method status="PASS" signature="tearDown()[pri:0, instance:testCases.LoginPageTest@1dc03ce]" name="tearDown" is-config="true" duration-ms="0" started-at="2020-05-01T22:21:22Z" finished-at="2020-05-01T22:21:22Z">
          <reporter-output>
          </reporter-output>
        </test-method> <!-- tearDown -->
      </class> <!-- testCases.LoginPageTest -->
    </test> <!-- Default test -->
  </suite> <!-- Default suite -->
</testng-results>
